cl : 命令行 warning D9002: 忽略未知选项“/NODEFAULTLIB:libcmt.lib”
  feedback-style.cpp
E:/Dali/dali-adaptor/dali-windows-backend/ExInclude/ToolKitPreDefine.h(9): warning C4146: 一元负运算符应用于无符号类型，结果仍为无符号类型
E:\Dali\dali-core\dali/public-api/math/math-utils.h(134): warning C4244: “初始化”: 从“const float”转换到“int”，可能丢失数据
E:\Dali\dali-core\dali/public-api/math/math-utils.h(134): warning C4244: “初始化”: 从“const float”转换到“const int”，可能丢失数据
E:\Dali\dali-core\dali/public-api/math/math-utils.h(167): warning C4068: 未知的杂注
E:\Dali\dali-core\dali/public-api/math/math-utils.h(168): warning C4068: 未知的杂注
E:\Dali\dali-core\dali/public-api/math/math-utils.h(173): warning C4068: 未知的杂注
E:\Dali\dali-core\dali/public-api/math/math-utils.h(213): warning C4244: “参数”: 从“int”转换到“float”，可能丢失数据
E:\Dali\dali-core\dali/public-api/math/math-utils.h(214): warning C4244: “参数”: 从“double”转换到“float”，可能丢失数据
E:\Dali\dali-core\dali/public-api/math/math-utils.h(215): warning C4244: “参数”: 从“int”转换到“float”，可能丢失数据
E:\Dali\dali-core\dali/public-api/object/base-handle.h(267): warning C4251: “Dali::BaseHandle::mObjectHandle”: class“Dali::IntrusivePtr<Dali::RefObject>”需要有 dll 接口由 class“Dali::BaseHandle”的客户端使用
  E:\Dali\dali-core\dali/public-api/object/base-handle.h(267): note: 参见“Dali::IntrusivePtr<Dali::RefObject>”的声明
E:\Dali\dali-core\dali/public-api/signals/connection-tracker.h(87): warning C4251: “Dali::ConnectionTracker::mConnections”: class“Dali::Vector<Dali::SlotConnection *,true>”需要有 dll 接口由 class“Dali::ConnectionTracker”的客户端使用
  E:\Dali\dali-core\dali/public-api/signals/connection-tracker.h(87): note: 参见“Dali::Vector<Dali::SlotConnection *,true>”的声明
E:\Dali\dali-core\dali/public-api/object/property-key.h(53): warning C4251: “Dali::Property::Key::stringKey”: class“std::basic_string<char,std::char_traits<char>,std::allocator<char>>”需要有 dll 接口由 struct“Dali::Property::Key”的客户端使用
  C:\Program Files (x86)\Microsoft Visual Studio\2017\Professional\VC\Tools\MSVC\14.11.25503\include\xstring(4079): note: 参见“std::basic_string<char,std::char_traits<char>,std::allocator<char>>”的声明
E:\Dali\dali-core\dali/public-api/signals/base-signal.h(519): warning C4251: “Dali::BaseSignal::mSignalConnections”: class“Dali::Vector<Dali::SignalConnection *,true>”需要有 dll 接口由 class“Dali::BaseSignal”的客户端使用
  E:\Dali\dali-core\dali/public-api/signals/base-signal.h(519): note: 参见“Dali::Vector<Dali::SignalConnection *,true>”的声明
E:\Dali\dali-toolkit\dali-toolkit\internal\feedback\feedback-style.cpp(124): warning C4996: 'fopen': This function or variable may be unsafe. Consider using fopen_s instead. To disable deprecation, use _CRT_SECURE_NO_WARNINGS. See online help for details.
  C:\Program Files (x86)\Windows Kits\10\Include\10.0.16299.0\ucrt\stdio.h(207): note: 参见“fopen”的声明
dlfcn.lib(dlfcn.obj) : warning LNK4075: 忽略“/EDITANDCONTINUE”(由于“/SAFESEH”规范)
    正在创建库 E:/Dali/bin/Debug/dali-toolkit.lib 和对象 E:/Dali/bin/Debug/dali-toolkit.exp
  dali-toolkit.vcxproj -> E:\Dali\bin\Debug\dali-toolkit.dll
